2024-11-14T15:35:48.477+08:00  INFO 14928 --- [springboot-ssr-room] [main] c.e.demo.SpingbootSsrRoomApplication     : Starting SpingbootSsrRoomApplication using Java 21.0.4 with PID 14928 (C:\Ray_JavaClass\WEB\spingboot-ssr-room\target\classes started by NTPU in C:\Ray_JavaClass\WEB\spingboot-ssr-room)
2024-11-14T15:35:48.482+08:00  INFO 14928 --- [springboot-ssr-room] [main] c.e.demo.SpingbootSsrRoomApplication     : No active profile set, falling back to 1 default profile: "default"
2024-11-14T15:35:48.828+08:00  INFO 14928 --- [springboot-ssr-room] [main] .s.d.r.c.RepositoryConfigurationDelegate : Bootstrapping Spring Data JPA repositories in DEFAULT mode.
2024-11-14T15:35:48.864+08:00  INFO 14928 --- [springboot-ssr-room] [main] .s.d.r.c.RepositoryConfigurationDelegate : Finished Spring Data repository scanning in 31 ms. Found 1 JPA repository interface.
2024-11-14T15:35:49.126+08:00  INFO 14928 --- [springboot-ssr-room] [main] o.s.b.w.embedded.tomcat.TomcatWebServer  : Tomcat initialized with port 8081 (http)
2024-11-14T15:35:49.134+08:00  INFO 14928 --- [springboot-ssr-room] [main] o.apache.catalina.core.StandardService   : Starting service [Tomcat]
2024-11-14T15:35:49.135+08:00  INFO 14928 --- [springboot-ssr-room] [main] o.apache.catalina.core.StandardEngine    : Starting Servlet engine: [Apache Tomcat/10.1.31]
2024-11-14T15:35:49.269+08:00  INFO 14928 --- [springboot-ssr-room] [main] org.apache.jasper.servlet.TldScanner     : At least one JAR was scanned for TLDs yet contained no TLDs. Enable debug logging for this logger for a complete list of JARs that were scanned but no TLDs were found in them. Skipping unneeded JARs during scanning can improve startup time and JSP compilation time.
2024-11-14T15:35:49.272+08:00  INFO 14928 --- [springboot-ssr-room] [main] o.a.c.c.C.[Tomcat].[localhost].[/]       : Initializing Spring embedded WebApplicationContext
2024-11-14T15:35:49.272+08:00  INFO 14928 --- [springboot-ssr-room] [main] w.s.c.ServletWebServerApplicationContext : Root WebApplicationContext: initialization completed in 760 ms
2024-11-14T15:35:49.348+08:00  INFO 14928 --- [springboot-ssr-room] [main] o.hibernate.jpa.internal.util.LogHelper  : HHH000204: Processing PersistenceUnitInfo [name: default]
2024-11-14T15:35:49.376+08:00  INFO 14928 --- [springboot-ssr-room] [main] org.hibernate.Version                    : HHH000412: Hibernate ORM core version 6.5.3.Final
2024-11-14T15:35:49.397+08:00  INFO 14928 --- [springboot-ssr-room] [main] o.h.c.internal.RegionFactoryInitiator    : HHH000026: Second-level cache disabled
2024-11-14T15:35:49.554+08:00  INFO 14928 --- [springboot-ssr-room] [main] o.s.o.j.p.SpringPersistenceUnitInfo      : No LoadTimeWeaver setup: ignoring JPA class transformer
2024-11-14T15:35:49.571+08:00  INFO 14928 --- [springboot-ssr-room] [main] com.zaxxer.hikari.HikariDataSource       : HikariPool-1 - Starting...
2024-11-14T15:35:49.655+08:00  INFO 14928 --- [springboot-ssr-room] [main] com.zaxxer.hikari.pool.HikariPool        : HikariPool-1 - Added connection com.mysql.cj.jdbc.ConnectionImpl@6a6e9289
2024-11-14T15:35:49.656+08:00  INFO 14928 --- [springboot-ssr-room] [main] com.zaxxer.hikari.HikariDataSource       : HikariPool-1 - Start completed.
2024-11-14T15:35:50.176+08:00  INFO 14928 --- [springboot-ssr-room] [main] o.h.e.t.j.p.i.JtaPlatformInitiator       : HHH000489: No JTA platform available (set 'hibernate.transaction.jta.platform' to enable JTA platform integration)
2024-11-14T15:35:50.204+08:00  INFO 14928 --- [springboot-ssr-room] [main] j.LocalContainerEntityManagerFactoryBean : Initialized JPA EntityManagerFactory for persistence unit 'default'
2024-11-14T15:35:50.274+08:00  WARN 14928 --- [springboot-ssr-room] [main] JpaBaseConfiguration$JpaWebConfiguration : spring.jpa.open-in-view is enabled by default. Therefore, database queries may be performed during view rendering. Explicitly configure spring.jpa.open-in-view to disable this warning
2024-11-14T15:35:50.541+08:00  INFO 14928 --- [springboot-ssr-room] [main] o.s.d.j.r.query.QueryEnhancerFactory     : Hibernate is in classpath; If applicable, HQL parser will be used.
2024-11-14T15:35:50.846+08:00  INFO 14928 --- [springboot-ssr-room] [main] o.s.b.w.embedded.tomcat.TomcatWebServer  : Tomcat started on port 8081 (http) with context path '/'
2024-11-14T15:35:50.850+08:00  INFO 14928 --- [springboot-ssr-room] [main] c.e.demo.SpingbootSsrRoomApplication     : Started SpingbootSsrRoomApplication in 2.582 seconds (process running for 2.89)
2024-11-14T15:36:31.662+08:00  INFO 14928 --- [springboot-ssr-room] [RMI TCP Connection(2)-127.0.0.1] inMXBeanRegistrar$SpringApplicationAdmin : Application shutdown requested.
2024-11-14T15:36:31.667+08:00  INFO 14928 --- [springboot-ssr-room] [RMI TCP Connection(2)-127.0.0.1] j.LocalContainerEntityManagerFactoryBean : Closing JPA EntityManagerFactory for persistence unit 'default'
2024-11-14T15:36:31.668+08:00  INFO 14928 --- [springboot-ssr-room] [RMI TCP Connection(2)-127.0.0.1] com.zaxxer.hikari.HikariDataSource       : HikariPool-1 - Shutdown initiated...
2024-11-14T15:36:31.672+08:00  INFO 14928 --- [springboot-ssr-room] [RMI TCP Connection(2)-127.0.0.1] com.zaxxer.hikari.HikariDataSource       : HikariPool-1 - Shutdown completed.
2024-11-14T15:36:40.435+08:00  INFO 13132 --- [springboot-ssr-room] [main] c.e.demo.SpingbootSsrRoomApplication     : Starting SpingbootSsrRoomApplication using Java 21.0.4 with PID 13132 (C:\Ray_JavaClass\WEB\spingboot-ssr-room\target\classes started by NTPU in C:\Ray_JavaClass\WEB\spingboot-ssr-room)
2024-11-14T15:36:40.436+08:00  INFO 13132 --- [springboot-ssr-room] [main] c.e.demo.SpingbootSsrRoomApplication     : No active profile set, falling back to 1 default profile: "default"
2024-11-14T15:36:40.780+08:00  INFO 13132 --- [springboot-ssr-room] [main] .s.d.r.c.RepositoryConfigurationDelegate : Bootstrapping Spring Data JPA repositories in DEFAULT mode.
2024-11-14T15:36:40.813+08:00  INFO 13132 --- [springboot-ssr-room] [main] .s.d.r.c.RepositoryConfigurationDelegate : Finished Spring Data repository scanning in 29 ms. Found 1 JPA repository interface.
2024-11-14T15:36:41.075+08:00  INFO 13132 --- [springboot-ssr-room] [main] o.s.b.w.embedded.tomcat.TomcatWebServer  : Tomcat initialized with port 8081 (http)
2024-11-14T15:36:41.083+08:00  INFO 13132 --- [springboot-ssr-room] [main] o.apache.catalina.core.StandardService   : Starting service [Tomcat]
2024-11-14T15:36:41.083+08:00  INFO 13132 --- [springboot-ssr-room] [main] o.apache.catalina.core.StandardEngine    : Starting Servlet engine: [Apache Tomcat/10.1.31]
2024-11-14T15:36:41.189+08:00  INFO 13132 --- [springboot-ssr-room] [main] org.apache.jasper.servlet.TldScanner     : At least one JAR was scanned for TLDs yet contained no TLDs. Enable debug logging for this logger for a complete list of JARs that were scanned but no TLDs were found in them. Skipping unneeded JARs during scanning can improve startup time and JSP compilation time.
2024-11-14T15:36:41.192+08:00  INFO 13132 --- [springboot-ssr-room] [main] o.a.c.c.C.[Tomcat].[localhost].[/]       : Initializing Spring embedded WebApplicationContext
2024-11-14T15:36:41.192+08:00  INFO 13132 --- [springboot-ssr-room] [main] w.s.c.ServletWebServerApplicationContext : Root WebApplicationContext: initialization completed in 732 ms
2024-11-14T15:36:41.268+08:00  INFO 13132 --- [springboot-ssr-room] [main] o.hibernate.jpa.internal.util.LogHelper  : HHH000204: Processing PersistenceUnitInfo [name: default]
2024-11-14T15:36:41.297+08:00  INFO 13132 --- [springboot-ssr-room] [main] org.hibernate.Version                    : HHH000412: Hibernate ORM core version 6.5.3.Final
2024-11-14T15:36:41.320+08:00  INFO 13132 --- [springboot-ssr-room] [main] o.h.c.internal.RegionFactoryInitiator    : HHH000026: Second-level cache disabled
2024-11-14T15:36:41.474+08:00  INFO 13132 --- [springboot-ssr-room] [main] o.s.o.j.p.SpringPersistenceUnitInfo      : No LoadTimeWeaver setup: ignoring JPA class transformer
2024-11-14T15:36:41.490+08:00  INFO 13132 --- [springboot-ssr-room] [main] com.zaxxer.hikari.HikariDataSource       : HikariPool-1 - Starting...
2024-11-14T15:36:41.574+08:00  INFO 13132 --- [springboot-ssr-room] [main] com.zaxxer.hikari.pool.HikariPool        : HikariPool-1 - Added connection com.mysql.cj.jdbc.ConnectionImpl@f48a080
2024-11-14T15:36:41.575+08:00  INFO 13132 --- [springboot-ssr-room] [main] com.zaxxer.hikari.HikariDataSource       : HikariPool-1 - Start completed.
2024-11-14T15:36:42.051+08:00  INFO 13132 --- [springboot-ssr-room] [main] o.h.e.t.j.p.i.JtaPlatformInitiator       : HHH000489: No JTA platform available (set 'hibernate.transaction.jta.platform' to enable JTA platform integration)
2024-11-14T15:36:42.075+08:00  INFO 13132 --- [springboot-ssr-room] [main] j.LocalContainerEntityManagerFactoryBean : Initialized JPA EntityManagerFactory for persistence unit 'default'
2024-11-14T15:36:42.141+08:00  WARN 13132 --- [springboot-ssr-room] [main] JpaBaseConfiguration$JpaWebConfiguration : spring.jpa.open-in-view is enabled by default. Therefore, database queries may be performed during view rendering. Explicitly configure spring.jpa.open-in-view to disable this warning
2024-11-14T15:36:42.395+08:00  INFO 13132 --- [springboot-ssr-room] [main] o.s.d.j.r.query.QueryEnhancerFactory     : Hibernate is in classpath; If applicable, HQL parser will be used.
2024-11-14T15:36:42.651+08:00  INFO 13132 --- [springboot-ssr-room] [main] o.s.b.w.embedded.tomcat.TomcatWebServer  : Tomcat started on port 8081 (http) with context path '/'
2024-11-14T15:36:42.655+08:00  INFO 13132 --- [springboot-ssr-room] [main] c.e.demo.SpingbootSsrRoomApplication     : Started SpingbootSsrRoomApplication in 2.42 seconds (process running for 2.744)
2024-11-14T15:37:04.400+08:00  INFO 13132 --- [springboot-ssr-room] [http-nio-8081-exec-1] o.a.c.c.C.[Tomcat].[localhost].[/]       : Initializing Spring DispatcherServlet 'dispatcherServlet'
2024-11-14T15:37:04.400+08:00  INFO 13132 --- [springboot-ssr-room] [http-nio-8081-exec-1] o.s.web.servlet.DispatcherServlet        : Initializing Servlet 'dispatcherServlet'
2024-11-14T15:37:04.401+08:00  INFO 13132 --- [springboot-ssr-room] [http-nio-8081-exec-1] o.s.web.servlet.DispatcherServlet        : Completed initialization in 1 ms
2024-11-14T16:09:32.185+08:00  INFO 13132 --- [springboot-ssr-room] [RMI TCP Connection(43)-127.0.0.1] inMXBeanRegistrar$SpringApplicationAdmin : Application shutdown requested.
2024-11-14T16:09:32.190+08:00  INFO 13132 --- [springboot-ssr-room] [RMI TCP Connection(43)-127.0.0.1] j.LocalContainerEntityManagerFactoryBean : Closing JPA EntityManagerFactory for persistence unit 'default'
2024-11-14T16:09:32.191+08:00  INFO 13132 --- [springboot-ssr-room] [RMI TCP Connection(43)-127.0.0.1] com.zaxxer.hikari.HikariDataSource       : HikariPool-1 - Shutdown initiated...
2024-11-14T16:09:32.192+08:00  INFO 13132 --- [springboot-ssr-room] [RMI TCP Connection(43)-127.0.0.1] com.zaxxer.hikari.HikariDataSource       : HikariPool-1 - Shutdown completed.
